<?xml version="1.0" encoding="UTF-8"?>
<!-- Generated by org.testng.reporters.JUnitReportReporter -->
<testsuite hostname="aitslpt-SarojP" failures="0" tests="2" name="day6.serilizationAddDeserilization" time="0.218" errors="0" timestamp="2023-07-17T11:37:57 NPT" skipped="0">
  <testcase classname="day6.serilizationAddDeserilization" name="convertJson2Pojo" time="0.198"/>
  <system-out/>
  <testcase classname="day6.serilizationAddDeserilization" name="convertPOjo2Json" time="0.020"/>
  <system-out/>
</testsuite> <!-- day6.serilizationAddDeserilization -->
