<?xml version="1.0" encoding="UTF-8"?>
<!-- Generated by org.testng.reporters.JUnitReportReporter -->
<testsuite hostname="aitslpt-SarojP" failures="0" tests="1" name="day5.FileUploadAndDownload" time="2.010" errors="0" timestamp="2023-07-14T14:33:44 NPT" skipped="0">
  <testcase classname="day5.FileUploadAndDownload" name="fileDownload" time="2.010"/>
  <system-out/>
</testsuite> <!-- day5.FileUploadAndDownload -->
