<?xml version="1.0" encoding="UTF-8"?>
<!-- Generated by org.testng.reporters.JUnitReportReporter -->
<testsuite hostname="aitslpt-SarojP" failures="0" tests="1" name="day8.deleteUser" time="0.427" errors="0" timestamp="2023-07-20T07:47:36 NPT" skipped="0">
  <testcase classname="day8.deleteUser" name="test_deleteUser" time="0.427"/>
  <system-out/>
</testsuite> <!-- day8.deleteUser -->
