<?xml version="1.0" encoding="UTF-8"?>
<!-- Generated by org.testng.reporters.JUnitReportReporter -->
<testsuite hostname="aitslpt-SarojP" failures="0" tests="1" name="day2.DiffWayToCreatePostRequestBody" time="2.502" errors="0" timestamp="2023-06-15T14:04:38 NPT" skipped="0">
  <testcase classname="day2.DiffWayToCreatePostRequestBody" name="testPostUsingExternalJsonFile" time="2.502"/>
  <system-out/>
</testsuite> <!-- day2.DiffWayToCreatePostRequestBody -->
