<?xml version="1.0" encoding="UTF-8"?>
<!-- Generated by org.testng.reporters.JUnitReportReporter -->
<testsuite hostname="aitslpt-SarojP" failures="0" tests="4" name="day1.HTTPRequests" time="5.171" errors="0" timestamp="2023-06-14T19:42:00 NPT" skipped="0">
  <testcase classname="day1.HTTPRequests" name="getUsers" time="1.898"/>
  <system-out/>
  <testcase classname="day1.HTTPRequests" name="createUser" time="0.876"/>
  <system-out/>
  <testcase classname="day1.HTTPRequests" name="updateUser" time="0.736"/>
  <system-out/>
  <testcase classname="day1.HTTPRequests" name="deleteUser" time="1.661"/>
  <system-out/>
</testsuite> <!-- day1.HTTPRequests -->
