<?xml version="1.0" encoding="UTF-8"?>
<!-- Generated by org.testng.reporters.JUnitReportReporter -->
<testsuite hostname="aitslpt-SarojP" failures="0" tests="1" name="day3.PathandQueryParameters" time="2.120" errors="0" timestamp="2023-06-15T19:33:02 NPT" skipped="0">
  <testcase classname="day3.PathandQueryParameters" name="testQueryAndPathParameters" time="2.120"/>
  <system-out/>
</testsuite> <!-- day3.PathandQueryParameters -->
