<?xml version="1.0" encoding="UTF-8"?>
<!-- Generated by org.testng.reporters.JUnitReportReporter -->
<testsuite hostname="aitslpt-SarojP" failures="0" tests="1" name="day6.JSONSchemaValidation" time="1.459" errors="0" timestamp="2023-07-17T10:57:24 NPT" skipped="0">
  <testcase classname="day6.JSONSchemaValidation" name="jsonSchemaValidation" time="1.459"/>
  <system-out/>
</testsuite> <!-- day6.JSONSchemaValidation -->
