<?xml version="1.0" encoding="UTF-8"?>
<!-- Generated by org.testng.reporters.JUnitReportReporter -->
<testsuite hostname="aitslpt-SarojP" failures="0" tests="1" name="day7.FakeDataGenerator" time="0.228" errors="0" timestamp="2023-07-18T10:50:12 NPT" skipped="0">
  <testcase classname="day7.FakeDataGenerator" name="testGenerateDummyData" time="0.228"/>
  <system-out/>
</testsuite> <!-- day7.FakeDataGenerator -->
