<?xml version="1.0" encoding="UTF-8"?>
<!-- Generated by org.testng.reporters.JUnitReportReporter -->
<testsuite hostname="aitslpt-SarojP" failures="0" tests="1" name="day7.Authencitations" time="2.430" errors="0" timestamp="2023-07-20T07:38:30 NPT" skipped="0">
  <testcase classname="day7.Authencitations" name="testAPIKeyAuthentication" time="2.430"/>
  <system-out/>
</testsuite> <!-- day7.Authencitations -->
