<?xml version="1.0" encoding="UTF-8"?>
<!-- Generated by org.testng.reporters.JUnitReportReporter -->
<testsuite hostname="aitslpt-SarojP" failures="0" tests="1" name="day8.updateUser" time="0.248" errors="0" timestamp="2023-07-20T07:47:36 NPT" skipped="0">
  <testcase classname="day8.updateUser" name="test_updateUser" time="0.248"/>
  <system-out/>
</testsuite> <!-- day8.updateUser -->
