<?xml version="1.0" encoding="UTF-8"?>
<!-- Generated by org.testng.reporters.JUnitReportReporter -->
<testsuite hostname="aitslpt-SarojP" failures="0" tests="1" name="day8.getUser" time="0.239" errors="0" timestamp="2023-07-20T07:47:36 NPT" skipped="0">
  <testcase classname="day8.getUser" name="test_getUser" time="0.239"/>
  <system-out/>
</testsuite> <!-- day8.getUser -->
