<?xml version="1.0" encoding="UTF-8"?>
<!-- Generated by org.testng.reporters.JUnitReportReporter -->
<testsuite hostname="aitslpt-SarojP" failures="0" tests="1" name="day8.createUser" time="2.311" errors="0" timestamp="2023-07-20T07:47:36 NPT" skipped="0">
  <testcase classname="day8.createUser" name="test_createUser" time="2.311"/>
  <system-out/>
</testsuite> <!-- day8.createUser -->
